This file contains any messages produced by compilers while
running configure, to aid debugging if configure makes a mistake.

It was created by csvtools configure 0.0.3, which was
generated by GNU Autoconf 2.69.  Invocation command line was

  $ ./configure --with-odbc --with-pgsql --with-mysql

## --------- ##
## Platform. ##
## --------- ##

hostname = binango
uname -m = x86_64
uname -r = 3.11.6-201.fc19.x86_64
uname -s = Linux
uname -v = #1 SMP Sat Nov 2 14:09:09 UTC 2013

/usr/bin/uname -p = x86_64
/bin/uname -X     = unknown

/bin/arch              = x86_64
/usr/bin/arch -k       = unknown
/usr/convex/getsysinfo = unknown
/usr/bin/hostinfo      = unknown
/bin/machine           = unknown
/usr/bin/oslevel       = unknown
/bin/universe          = unknown

PATH: /usr/lib64/qt-3.3/bin
PATH: /usr/kerberos/sbin
PATH: /usr/kerberos/bin
PATH: /usr/lib64/ccache
PATH: /usr/libexec/lightdm
PATH: /usr/local/bin
PATH: /usr/bin
PATH: /bin
PATH: /usr/local/sbin
PATH: /usr/sbin
PATH: /home/oren/.local/bin
PATH: /home/oren/bin


## ----------- ##
## Core tests. ##
## ----------- ##

configure:2280: checking for a BSD-compatible install
configure:2348: result: /usr/bin/install -c
configure:2359: checking whether build environment is sane
configure:2414: result: yes
configure:2452: WARNING: 'missing' script is too old or missing
configure:2565: checking for a thread-safe mkdir -p
configure:2604: result: /usr/bin/mkdir -p
configure:2611: checking for gawk
configure:2627: found /usr/bin/gawk
configure:2638: result: gawk
configure:2649: checking whether make sets $(MAKE)
configure:2671: result: yes
configure:2700: checking whether make supports nested variables
configure:2717: result: yes
configure:2833: checking build system type
configure:2847: result: x86_64-unknown-linux-gnu
configure:2867: checking host system type
configure:2880: result: x86_64-unknown-linux-gnu
configure:2921: checking how to print strings
configure:2948: result: printf
configure:2981: checking for style of include used by make
configure:3009: result: GNU
configure:3080: checking for gcc
configure:3096: found /usr/lib64/ccache/gcc
configure:3107: result: gcc
configure:3336: checking for C compiler version
configure:3345: gcc --version >&5
gcc (GCC) 4.8.2 20131017 (Red Hat 4.8.2-1)
Copyright (C) 2013 Free Software Foundation, Inc.
This is free software; see the source for copying conditions.  There is NO
warranty; not even for MERCHANTABILITY or FITNESS FOR A PARTICULAR PURPOSE.

configure:3356: $? = 0
configure:3345: gcc -v >&5
Using built-in specs.
COLLECT_GCC=/usr/bin/gcc
COLLECT_LTO_WRAPPER=/usr/libexec/gcc/x86_64-redhat-linux/4.8.2/lto-wrapper
Target: x86_64-redhat-linux
Configured with: ../configure --prefix=/usr --mandir=/usr/share/man --infodir=/usr/share/info --with-bugurl=http://bugzilla.redhat.com/bugzilla --enable-bootstrap --enable-shared --enable-threads=posix --enable-checking=release --with-system-zlib --enable-__cxa_atexit --disable-libunwind-exceptions --enable-gnu-unique-object --enable-linker-build-id --with-linker-hash-style=gnu --enable-languages=c,c++,objc,obj-c++,java,fortran,ada,go,lto --enable-plugin --enable-initfini-array --enable-java-awt=gtk --disable-dssi --with-java-home=/usr/lib/jvm/java-1.5.0-gcj-1.5.0.0/jre --enable-libgcj-multifile --enable-java-maintainer-mode --with-ecj-jar=/usr/share/java/eclipse-ecj.jar --disable-libjava-multilib --with-isl=/builddir/build/BUILD/gcc-4.8.2-20131017/obj-x86_64-redhat-linux/isl-install --with-cloog=/builddir/build/BUILD/gcc-4.8.2-20131017/obj-x86_64-redhat-linux/cloog-install --with-tune=generic --with-arch_32=i686 --build=x86_64-redhat-linux
Thread model: posix
gcc version 4.8.2 20131017 (Red Hat 4.8.2-1) (GCC) 
configure:3356: $? = 0
configure:3345: gcc -V >&5
gcc: error: unrecognized command line option '-V'
gcc: fatal error: no input files
compilation terminated.
configure:3356: $? = 4
configure:3345: gcc -qversion >&5
gcc: error: unrecognized command line option '-qversion'
gcc: fatal error: no input files
compilation terminated.
configure:3356: $? = 4
configure:3376: checking whether the C compiler works
configure:3398: gcc    conftest.c  >&5
configure:3402: $? = 0
configure:3450: result: yes
configure:3453: checking for C compiler default output file name
configure:3455: result: a.out
configure:3461: checking for suffix of executables
configure:3468: gcc -o conftest    conftest.c  >&5
configure:3472: $? = 0
configure:3494: result: 
configure:3516: checking whether we are cross compiling
configure:3524: gcc -o conftest    conftest.c  >&5
configure:3528: $? = 0
configure:3535: ./conftest
configure:3539: $? = 0
configure:3554: result: no
configure:3559: checking for suffix of object files
configure:3581: gcc -c   conftest.c >&5
configure:3585: $? = 0
configure:3606: result: o
configure:3610: checking whether we are using the GNU C compiler
configure:3629: gcc -c   conftest.c >&5
configure:3629: $? = 0
configure:3638: result: yes
configure:3647: checking whether gcc accepts -g
configure:3667: gcc -c -g  conftest.c >&5
configure:3667: $? = 0
configure:3708: result: yes
configure:3725: checking for gcc option to accept ISO C89
configure:3788: gcc  -c -g -O2  conftest.c >&5
configure:3788: $? = 0
configure:3801: result: none needed
configure:3823: checking dependency style of gcc
configure:3934: result: gcc3
configure:3949: checking for a sed that does not truncate output
configure:4013: result: /usr/bin/sed
configure:4031: checking for grep that handles long lines and -e
configure:4089: result: /usr/bin/grep
configure:4094: checking for egrep
configure:4156: result: /usr/bin/grep -E
configure:4161: checking for fgrep
configure:4223: result: /usr/bin/grep -F
configure:4258: checking for ld used by gcc
configure:4325: result: /usr/bin/ld
configure:4332: checking if the linker (/usr/bin/ld) is GNU ld
configure:4347: result: yes
configure:4359: checking for BSD- or MS-compatible name lister (nm)
configure:4408: result: /usr/bin/nm -B
configure:4538: checking the name lister (/usr/bin/nm -B) interface
configure:4545: gcc -c -g -O2  conftest.c >&5
configure:4548: /usr/bin/nm -B "conftest.o"
configure:4551: output
0000000000000000 B some_variable
configure:4558: result: BSD nm
configure:4561: checking whether ln -s works
configure:4565: result: yes
configure:4573: checking the maximum length of command line arguments
configure:4703: result: 1572864
configure:4720: checking whether the shell understands some XSI constructs
configure:4730: result: yes
configure:4734: checking whether the shell understands "+="
configure:4740: result: yes
configure:4775: checking how to convert x86_64-unknown-linux-gnu file names to x86_64-unknown-linux-gnu format
configure:4815: result: func_convert_file_noop
configure:4822: checking how to convert x86_64-unknown-linux-gnu file names to toolchain format
configure:4842: result: func_convert_file_noop
configure:4849: checking for /usr/bin/ld option to reload object files
configure:4856: result: -r
configure:4930: checking for objdump
configure:4946: found /usr/bin/objdump
configure:4957: result: objdump
configure:4989: checking how to recognize dependent libraries
configure:5191: result: pass_all
configure:5276: checking for dlltool
configure:5306: result: no
configure:5336: checking how to associate runtime and link libraries
configure:5363: result: printf %s\n
configure:5424: checking for ar
configure:5440: found /usr/bin/ar
configure:5451: result: ar
configure:5488: checking for archiver @FILE support
configure:5505: gcc -c -g -O2  conftest.c >&5
configure:5505: $? = 0
configure:5508: ar cru libconftest.a @conftest.lst >&5
configure:5511: $? = 0
configure:5516: ar cru libconftest.a @conftest.lst >&5
ar: conftest.o: No such file or directory
configure:5519: $? = 1
configure:5531: result: @
configure:5589: checking for strip
configure:5605: found /usr/bin/strip
configure:5616: result: strip
configure:5688: checking for ranlib
configure:5704: found /usr/bin/ranlib
configure:5715: result: ranlib
configure:5817: checking command to parse /usr/bin/nm -B output from gcc object
configure:5937: gcc -c -g -O2  conftest.c >&5
configure:5940: $? = 0
configure:5944: /usr/bin/nm -B conftest.o \| sed -n -e 's/^.*[ ]\([ABCDGIRSTW][ABCDGIRSTW]*\)[ ][ ]*\([_A-Za-z][_A-Za-z0-9]*\)$/\1 \2 \2/p' | sed '/ __gnu_lto/d' \> conftest.nm
configure:5947: $? = 0
configure:6013: gcc -o conftest -g -O2   conftest.c conftstm.o >&5
configure:6016: $? = 0
configure:6054: result: ok
configure:6091: checking for sysroot
configure:6121: result: no
configure:6198: gcc -c -g -O2  conftest.c >&5
configure:6201: $? = 0
configure:6383: checking for mt
configure:6413: result: no
configure:6433: checking if : is a manifest tool
configure:6439: : '-?'
configure:6447: result: no
configure:7089: checking how to run the C preprocessor
configure:7120: gcc -E  conftest.c
configure:7120: $? = 0
configure:7134: gcc -E  conftest.c
conftest.c:11:28: fatal error: ac_nonexistent.h: No such file or directory
 #include <ac_nonexistent.h>
                            ^
compilation terminated.
configure:7134: $? = 1
configure: failed program was:
| /* confdefs.h */
| #define PACKAGE_NAME "csvtools"
| #define PACKAGE_TARNAME "csvtools"
| #define PACKAGE_VERSION "0.0.3"
| #define PACKAGE_STRING "csvtools 0.0.3"
| #define PACKAGE_BUGREPORT "two.oes@gmail.com"
| #define PACKAGE_URL ""
| #define PACKAGE "csvtools"
| #define VERSION "0.0.3"
| /* end confdefs.h.  */
| #include <ac_nonexistent.h>
configure:7159: result: gcc -E
configure:7179: gcc -E  conftest.c
configure:7179: $? = 0
configure:7193: gcc -E  conftest.c
conftest.c:11:28: fatal error: ac_nonexistent.h: No such file or directory
 #include <ac_nonexistent.h>
                            ^
compilation terminated.
configure:7193: $? = 1
configure: failed program was:
| /* confdefs.h */
| #define PACKAGE_NAME "csvtools"
| #define PACKAGE_TARNAME "csvtools"
| #define PACKAGE_VERSION "0.0.3"
| #define PACKAGE_STRING "csvtools 0.0.3"
| #define PACKAGE_BUGREPORT "two.oes@gmail.com"
| #define PACKAGE_URL ""
| #define PACKAGE "csvtools"
| #define VERSION "0.0.3"
| /* end confdefs.h.  */
| #include <ac_nonexistent.h>
configure:7222: checking for ANSI C header files
configure:7242: gcc -c -g -O2  conftest.c >&5
configure:7242: $? = 0
configure:7315: gcc -o conftest -g -O2   conftest.c  >&5
configure:7315: $? = 0
configure:7315: ./conftest
configure:7315: $? = 0
configure:7326: result: yes
configure:7339: checking for sys/types.h
configure:7339: gcc -c -g -O2  conftest.c >&5
configure:7339: $? = 0
configure:7339: result: yes
configure:7339: checking for sys/stat.h
configure:7339: gcc -c -g -O2  conftest.c >&5
configure:7339: $? = 0
configure:7339: result: yes
configure:7339: checking for stdlib.h
configure:7339: gcc -c -g -O2  conftest.c >&5
configure:7339: $? = 0
configure:7339: result: yes
configure:7339: checking for string.h
configure:7339: gcc -c -g -O2  conftest.c >&5
configure:7339: $? = 0
configure:7339: result: yes
configure:7339: checking for memory.h
configure:7339: gcc -c -g -O2  conftest.c >&5
configure:7339: $? = 0
configure:7339: result: yes
configure:7339: checking for strings.h
configure:7339: gcc -c -g -O2  conftest.c >&5
configure:7339: $? = 0
configure:7339: result: yes
configure:7339: checking for inttypes.h
configure:7339: gcc -c -g -O2  conftest.c >&5
configure:7339: $? = 0
configure:7339: result: yes
configure:7339: checking for stdint.h
configure:7339: gcc -c -g -O2  conftest.c >&5
configure:7339: $? = 0
configure:7339: result: yes
configure:7339: checking for unistd.h
configure:7339: gcc -c -g -O2  conftest.c >&5
configure:7339: $? = 0
configure:7339: result: yes
configure:7353: checking for dlfcn.h
configure:7353: gcc -c -g -O2  conftest.c >&5
configure:7353: $? = 0
configure:7353: result: yes
configure:7558: checking for objdir
configure:7573: result: .libs
configure:7840: checking if gcc supports -fno-rtti -fno-exceptions
configure:7858: gcc -c -g -O2  -fno-rtti -fno-exceptions conftest.c >&5
cc1: warning: command line option '-fno-rtti' is valid for C++/ObjC++ but not for C [enabled by default]
cc1: warning: command line option '-fno-rtti' is valid for C++/ObjC++ but not for C [enabled by default]
configure:7862: $? = 0
configure:7875: result: no
configure:8202: checking for gcc option to produce PIC
configure:8209: result: -fPIC -DPIC
configure:8217: checking if gcc PIC flag -fPIC -DPIC works
configure:8235: gcc -c -g -O2  -fPIC -DPIC -DPIC conftest.c >&5
configure:8239: $? = 0
configure:8252: result: yes
configure:8281: checking if gcc static flag -static works
configure:8309: result: no
configure:8324: checking if gcc supports -c -o file.o
configure:8345: gcc -c -g -O2  -o out/conftest2.o conftest.c >&5
configure:8349: $? = 0
configure:8371: result: yes
configure:8379: checking if gcc supports -c -o file.o
configure:8426: result: yes
configure:8459: checking whether the gcc linker (/usr/bin/ld -m elf_x86_64) supports shared libraries
configure:9612: result: yes
configure:9649: checking whether -lc should be explicitly linked in
configure:9657: gcc -c -g -O2  conftest.c >&5
configure:9660: $? = 0
configure:9675: gcc -shared  -fPIC -DPIC conftest.o  -v -Wl,-soname -Wl,conftest -o conftest 2\>\&1 \| /usr/bin/grep  -lc  \>/dev/null 2\>\&1
configure:9678: $? = 0
configure:9692: result: no
configure:9852: checking dynamic linker characteristics
configure:10363: gcc -o conftest -g -O2   -Wl,-rpath -Wl,/foo conftest.c  >&5
configure:10363: $? = 0
configure:10589: result: GNU/Linux ld.so
configure:10696: checking how to hardcode library paths into programs
configure:10721: result: immediate
configure:10815: checking for shl_load
configure:10815: gcc -o conftest -g -O2   conftest.c  >&5
/tmp/ccTuMtcM.o: In function `main':
/home/oren/Dropbox/projects/csvtools/conftest.c:57: undefined reference to `shl_load'
collect2: error: ld returned 1 exit status
configure:10815: $? = 1
configure: failed program was:
| /* confdefs.h */
| #define PACKAGE_NAME "csvtools"
| #define PACKAGE_TARNAME "csvtools"
| #define PACKAGE_VERSION "0.0.3"
| #define PACKAGE_STRING "csvtools 0.0.3"
| #define PACKAGE_BUGREPORT "two.oes@gmail.com"
| #define PACKAGE_URL ""
| #define PACKAGE "csvtools"
| #define VERSION "0.0.3"
| #define STDC_HEADERS 1
| #define HAVE_SYS_TYPES_H 1
| #define HAVE_SYS_STAT_H 1
| #define HAVE_STDLIB_H 1
| #define HAVE_STRING_H 1
| #define HAVE_MEMORY_H 1
| #define HAVE_STRINGS_H 1
| #define HAVE_INTTYPES_H 1
| #define HAVE_STDINT_H 1
| #define HAVE_UNISTD_H 1
| #define HAVE_DLFCN_H 1
| #define LT_OBJDIR ".libs/"
| /* end confdefs.h.  */
| /* Define shl_load to an innocuous variant, in case <limits.h> declares shl_load.
|    For example, HP-UX 11i <limits.h> declares gettimeofday.  */
| #define shl_load innocuous_shl_load
| 
| /* System header to define __stub macros and hopefully few prototypes,
|     which can conflict with char shl_load (); below.
|     Prefer <limits.h> to <assert.h> if __STDC__ is defined, since
|     <limits.h> exists even on freestanding compilers.  */
| 
| #ifdef __STDC__
| # include <limits.h>
| #else
| # include <assert.h>
| #endif
| 
| #undef shl_load
| 
| /* Override any GCC internal prototype to avoid an error.
|    Use char because int might match the return type of a GCC
|    builtin and then its argument prototype would still apply.  */
| #ifdef __cplusplus
| extern "C"
| #endif
| char shl_load ();
| /* The GNU C library defines this for functions which it implements
|     to always fail with ENOSYS.  Some functions are actually named
|     something starting with __ and the normal name is an alias.  */
| #if defined __stub_shl_load || defined __stub___shl_load
| choke me
| #endif
| 
| int
| main ()
| {
| return shl_load ();
|   ;
|   return 0;
| }
configure:10815: result: no
configure:10819: checking for shl_load in -ldld
configure:10844: gcc -o conftest -g -O2   conftest.c -ldld   >&5
/usr/bin/ld: cannot find -ldld
collect2: error: ld returned 1 exit status
configure:10844: $? = 1
configure: failed program was:
| /* confdefs.h */
| #define PACKAGE_NAME "csvtools"
| #define PACKAGE_TARNAME "csvtools"
| #define PACKAGE_VERSION "0.0.3"
| #define PACKAGE_STRING "csvtools 0.0.3"
| #define PACKAGE_BUGREPORT "two.oes@gmail.com"
| #define PACKAGE_URL ""
| #define PACKAGE "csvtools"
| #define VERSION "0.0.3"
| #define STDC_HEADERS 1
| #define HAVE_SYS_TYPES_H 1
| #define HAVE_SYS_STAT_H 1
| #define HAVE_STDLIB_H 1
| #define HAVE_STRING_H 1
| #define HAVE_MEMORY_H 1
| #define HAVE_STRINGS_H 1
| #define HAVE_INTTYPES_H 1
| #define HAVE_STDINT_H 1
| #define HAVE_UNISTD_H 1
| #define HAVE_DLFCN_H 1
| #define LT_OBJDIR ".libs/"
| /* end confdefs.h.  */
| 
| /* Override any GCC internal prototype to avoid an error.
|    Use char because int might match the return type of a GCC
|    builtin and then its argument prototype would still apply.  */
| #ifdef __cplusplus
| extern "C"
| #endif
| char shl_load ();
| int
| main ()
| {
| return shl_load ();
|   ;
|   return 0;
| }
configure:10853: result: no
configure:10858: checking for dlopen
configure:10858: gcc -o conftest -g -O2   conftest.c  >&5
/tmp/ccOERNMT.o: In function `main':
/home/oren/Dropbox/projects/csvtools/conftest.c:57: undefined reference to `dlopen'
collect2: error: ld returned 1 exit status
configure:10858: $? = 1
configure: failed program was:
| /* confdefs.h */
| #define PACKAGE_NAME "csvtools"
| #define PACKAGE_TARNAME "csvtools"
| #define PACKAGE_VERSION "0.0.3"
| #define PACKAGE_STRING "csvtools 0.0.3"
| #define PACKAGE_BUGREPORT "two.oes@gmail.com"
| #define PACKAGE_URL ""
| #define PACKAGE "csvtools"
| #define VERSION "0.0.3"
| #define STDC_HEADERS 1
| #define HAVE_SYS_TYPES_H 1
| #define HAVE_SYS_STAT_H 1
| #define HAVE_STDLIB_H 1
| #define HAVE_STRING_H 1
| #define HAVE_MEMORY_H 1
| #define HAVE_STRINGS_H 1
| #define HAVE_INTTYPES_H 1
| #define HAVE_STDINT_H 1
| #define HAVE_UNISTD_H 1
| #define HAVE_DLFCN_H 1
| #define LT_OBJDIR ".libs/"
| /* end confdefs.h.  */
| /* Define dlopen to an innocuous variant, in case <limits.h> declares dlopen.
|    For example, HP-UX 11i <limits.h> declares gettimeofday.  */
| #define dlopen innocuous_dlopen
| 
| /* System header to define __stub macros and hopefully few prototypes,
|     which can conflict with char dlopen (); below.
|     Prefer <limits.h> to <assert.h> if __STDC__ is defined, since
|     <limits.h> exists even on freestanding compilers.  */
| 
| #ifdef __STDC__
| # include <limits.h>
| #else
| # include <assert.h>
| #endif
| 
| #undef dlopen
| 
| /* Override any GCC internal prototype to avoid an error.
|    Use char because int might match the return type of a GCC
|    builtin and then its argument prototype would still apply.  */
| #ifdef __cplusplus
| extern "C"
| #endif
| char dlopen ();
| /* The GNU C library defines this for functions which it implements
|     to always fail with ENOSYS.  Some functions are actually named
|     something starting with __ and the normal name is an alias.  */
| #if defined __stub_dlopen || defined __stub___dlopen
| choke me
| #endif
| 
| int
| main ()
| {
| return dlopen ();
|   ;
|   return 0;
| }
configure:10858: result: no
configure:10862: checking for dlopen in -ldl
configure:10887: gcc -o conftest -g -O2   conftest.c -ldl   >&5
configure:10887: $? = 0
configure:10896: result: yes
configure:11015: checking whether a program can dlopen itself
configure:11095: gcc -o conftest -g -O2  -DHAVE_DLFCN_H  -Wl,--export-dynamic conftest.c -ldl  >&5
configure:11098: $? = 0
configure:11116: result: yes
configure:11121: checking whether a statically linked program can dlopen itself
configure:11201: gcc -o conftest -g -O2  -DHAVE_DLFCN_H  -Wl,--export-dynamic  conftest.c -ldl  >&5
configure:11204: $? = 0
configure:11222: result: yes
configure:11261: checking whether stripping libraries is possible
configure:11266: result: yes
configure:11301: checking if libtool supports shared libraries
configure:11303: result: yes
configure:11306: checking whether to build shared libraries
configure:11327: result: yes
configure:11330: checking whether to build static libraries
configure:11334: result: yes
configure:11421: checking for gcc
configure:11448: result: gcc
configure:11677: checking for C compiler version
configure:11686: gcc --version >&5
gcc (GCC) 4.8.2 20131017 (Red Hat 4.8.2-1)
Copyright (C) 2013 Free Software Foundation, Inc.
This is free software; see the source for copying conditions.  There is NO
warranty; not even for MERCHANTABILITY or FITNESS FOR A PARTICULAR PURPOSE.

configure:11697: $? = 0
configure:11686: gcc -v >&5
Using built-in specs.
COLLECT_GCC=/usr/bin/gcc
COLLECT_LTO_WRAPPER=/usr/libexec/gcc/x86_64-redhat-linux/4.8.2/lto-wrapper
Target: x86_64-redhat-linux
Configured with: ../configure --prefix=/usr --mandir=/usr/share/man --infodir=/usr/share/info --with-bugurl=http://bugzilla.redhat.com/bugzilla --enable-bootstrap --enable-shared --enable-threads=posix --enable-checking=release --with-system-zlib --enable-__cxa_atexit --disable-libunwind-exceptions --enable-gnu-unique-object --enable-linker-build-id --with-linker-hash-style=gnu --enable-languages=c,c++,objc,obj-c++,java,fortran,ada,go,lto --enable-plugin --enable-initfini-array --enable-java-awt=gtk --disable-dssi --with-java-home=/usr/lib/jvm/java-1.5.0-gcj-1.5.0.0/jre --enable-libgcj-multifile --enable-java-maintainer-mode --with-ecj-jar=/usr/share/java/eclipse-ecj.jar --disable-libjava-multilib --with-isl=/builddir/build/BUILD/gcc-4.8.2-20131017/obj-x86_64-redhat-linux/isl-install --with-cloog=/builddir/build/BUILD/gcc-4.8.2-20131017/obj-x86_64-redhat-linux/cloog-install --with-tune=generic --with-arch_32=i686 --build=x86_64-redhat-linux
Thread model: posix
gcc version 4.8.2 20131017 (Red Hat 4.8.2-1) (GCC) 
configure:11697: $? = 0
configure:11686: gcc -V >&5
gcc: error: unrecognized command line option '-V'
gcc: fatal error: no input files
compilation terminated.
configure:11697: $? = 4
configure:11686: gcc -qversion >&5
gcc: error: unrecognized command line option '-qversion'
gcc: fatal error: no input files
compilation terminated.
configure:11697: $? = 4
configure:11701: checking whether we are using the GNU C compiler
configure:11729: result: yes
configure:11738: checking whether gcc accepts -g
configure:11799: result: yes
configure:11816: checking for gcc option to accept ISO C89
configure:11892: result: none needed
configure:11914: checking dependency style of gcc
configure:12025: result: gcc3
configure:12042: checking whether gcc and cc understand -c and -o together
configure:12073: gcc -c conftest.c -o conftest2.o >&5
configure:12077: $? = 0
configure:12083: gcc -c conftest.c -o conftest2.o >&5
configure:12087: $? = 0
configure:12098: cc -c conftest.c >&5
configure:12102: $? = 0
configure:12110: cc -c conftest.c -o conftest2.o >&5
configure:12114: $? = 0
configure:12120: cc -c conftest.c -o conftest2.o >&5
configure:12124: $? = 0
configure:12142: result: yes
configure:12181: checking for library containing SQLDriverConnect
configure:12212: gcc -o conftest -g -O2   conftest.c  >&5
/tmp/ccaVQUCa.o: In function `main':
/home/oren/Dropbox/projects/csvtools/conftest.c:34: undefined reference to `SQLDriverConnect'
collect2: error: ld returned 1 exit status
configure:12212: $? = 1
configure: failed program was:
| /* confdefs.h */
| #define PACKAGE_NAME "csvtools"
| #define PACKAGE_TARNAME "csvtools"
| #define PACKAGE_VERSION "0.0.3"
| #define PACKAGE_STRING "csvtools 0.0.3"
| #define PACKAGE_BUGREPORT "two.oes@gmail.com"
| #define PACKAGE_URL ""
| #define PACKAGE "csvtools"
| #define VERSION "0.0.3"
| #define STDC_HEADERS 1
| #define HAVE_SYS_TYPES_H 1
| #define HAVE_SYS_STAT_H 1
| #define HAVE_STDLIB_H 1
| #define HAVE_STRING_H 1
| #define HAVE_MEMORY_H 1
| #define HAVE_STRINGS_H 1
| #define HAVE_INTTYPES_H 1
| #define HAVE_STDINT_H 1
| #define HAVE_UNISTD_H 1
| #define HAVE_DLFCN_H 1
| #define LT_OBJDIR ".libs/"
| /* end confdefs.h.  */
| 
| /* Override any GCC internal prototype to avoid an error.
|    Use char because int might match the return type of a GCC
|    builtin and then its argument prototype would still apply.  */
| #ifdef __cplusplus
| extern "C"
| #endif
| char SQLDriverConnect ();
| int
| main ()
| {
| return SQLDriverConnect ();
|   ;
|   return 0;
| }
configure:12212: gcc -o conftest -g -O2   conftest.c -lodbc   >&5
configure:12212: $? = 0
configure:12229: result: -lodbc
configure:12244: checking sql.h usability
configure:12244: gcc -c -g -O2  conftest.c >&5
configure:12244: $? = 0
configure:12244: result: yes
configure:12244: checking sql.h presence
configure:12244: gcc -E  conftest.c
configure:12244: $? = 0
configure:12244: result: yes
configure:12244: checking for sql.h
configure:12244: result: yes
configure:12244: checking sqlext.h usability
configure:12244: gcc -c -g -O2  conftest.c >&5
configure:12244: $? = 0
configure:12244: result: yes
configure:12244: checking sqlext.h presence
configure:12244: gcc -E  conftest.c
configure:12244: $? = 0
configure:12244: result: yes
configure:12244: checking for sqlext.h
configure:12244: result: yes
configure:12277: checking for pg_config
configure:12293: found /usr/bin/pg_config
configure:12305: result: yes
configure:12329: checking /usr/include/libpq-fe.h usability
configure:12329: gcc -c -g -O2  conftest.c >&5
configure:12329: $? = 0
configure:12329: result: yes
configure:12329: checking /usr/include/libpq-fe.h presence
configure:12329: gcc -E  conftest.c
configure:12329: $? = 0
configure:12329: result: yes
configure:12329: checking for /usr/include/libpq-fe.h
configure:12329: result: yes
configure:12367: checking for mysql_config
configure:12383: found /usr/bin/mysql_config
configure:12395: result: yes
configure:12420: checking /usr/include/mysql/mysql.h usability
configure:12420: gcc -c -g -O2  conftest.c >&5
configure:12420: $? = 0
configure:12420: result: yes
configure:12420: checking /usr/include/mysql/mysql.h presence
configure:12420: gcc -E  conftest.c
configure:12420: $? = 0
configure:12420: result: yes
configure:12420: checking for /usr/include/mysql/mysql.h
configure:12420: result: yes
configure:12456: checking for library containing sqlite3_open
configure:12487: gcc -o conftest -g -O2   conftest.c -lodbc  >&5
/tmp/cchR1etF.o: In function `main':
/home/oren/Dropbox/projects/csvtools/conftest.c:41: undefined reference to `sqlite3_open'
collect2: error: ld returned 1 exit status
configure:12487: $? = 1
configure: failed program was:
| /* confdefs.h */
| #define PACKAGE_NAME "csvtools"
| #define PACKAGE_TARNAME "csvtools"
| #define PACKAGE_VERSION "0.0.3"
| #define PACKAGE_STRING "csvtools 0.0.3"
| #define PACKAGE_BUGREPORT "two.oes@gmail.com"
| #define PACKAGE_URL ""
| #define PACKAGE "csvtools"
| #define VERSION "0.0.3"
| #define STDC_HEADERS 1
| #define HAVE_SYS_TYPES_H 1
| #define HAVE_SYS_STAT_H 1
| #define HAVE_STDLIB_H 1
| #define HAVE_STRING_H 1
| #define HAVE_MEMORY_H 1
| #define HAVE_STRINGS_H 1
| #define HAVE_INTTYPES_H 1
| #define HAVE_STDINT_H 1
| #define HAVE_UNISTD_H 1
| #define HAVE_DLFCN_H 1
| #define LT_OBJDIR ".libs/"
| #define HAVE_SQL_H 1
| #define HAVE_SQLEXT_H 1
| #define USE_ODBC_H 1
| #define HAVE__USR_INCLUDE_LIBPQ_FE_H 1
| #define USE_PGSQL_H 1
| #define HAVE__USR_INCLUDE_MYSQL_MYSQL_H 1
| #define USE_MYSQL_H 1
| /* end confdefs.h.  */
| 
| /* Override any GCC internal prototype to avoid an error.
|    Use char because int might match the return type of a GCC
|    builtin and then its argument prototype would still apply.  */
| #ifdef __cplusplus
| extern "C"
| #endif
| char sqlite3_open ();
| int
| main ()
| {
| return sqlite3_open ();
|   ;
|   return 0;
| }
configure:12487: gcc -o conftest -g -O2   conftest.c -lsqlite3  -lodbc  >&5
configure:12487: $? = 0
configure:12504: result: -lsqlite3
configure:12517: checking sqlite3.h usability
configure:12517: gcc -c -g -O2  conftest.c >&5
configure:12517: $? = 0
configure:12517: result: yes
configure:12517: checking sqlite3.h presence
configure:12517: gcc -E  conftest.c
configure:12517: $? = 0
configure:12517: result: yes
configure:12517: checking for sqlite3.h
configure:12517: result: yes
configure:12686: checking that generated files are newer than configure
configure:12692: result: done
configure:12735: creating ./config.status

## ---------------------- ##
## Running config.status. ##
## ---------------------- ##

This file was extended by csvtools config.status 0.0.3, which was
generated by GNU Autoconf 2.69.  Invocation command line was

  CONFIG_FILES    = 
  CONFIG_HEADERS  = 
  CONFIG_LINKS    = 
  CONFIG_COMMANDS = 
  $ ./config.status 

on binango

config.status:1108: creating Makefile
config.status:1108: creating include/Makefile
config.status:1108: creating lib/Makefile
config.status:1108: creating man/Makefile
config.status:1108: creating src/Makefile
config.status:1108: creating config.h
config.status:1289: config.h is unchanged
config.status:1337: executing depfiles commands
config.status:1337: executing libtool commands

## ---------------- ##
## Cache variables. ##
## ---------------- ##

ac_cv_build=x86_64-unknown-linux-gnu
ac_cv_c_compiler_gnu=yes
ac_cv_env_CC_set=
ac_cv_env_CC_value=
ac_cv_env_CFLAGS_set=
ac_cv_env_CFLAGS_value=
ac_cv_env_CPPFLAGS_set=
ac_cv_env_CPPFLAGS_value=
ac_cv_env_CPP_set=
ac_cv_env_CPP_value=
ac_cv_env_LDFLAGS_set=
ac_cv_env_LDFLAGS_value=
ac_cv_env_LIBS_set=
ac_cv_env_LIBS_value=
ac_cv_env_build_alias_set=
ac_cv_env_build_alias_value=
ac_cv_env_host_alias_set=
ac_cv_env_host_alias_value=
ac_cv_env_target_alias_set=
ac_cv_env_target_alias_value=
ac_cv_func_dlopen=no
ac_cv_func_shl_load=no
ac_cv_header__usr_include_libpq_fe_h=yes
ac_cv_header__usr_include_mysql_mysql_h=yes
ac_cv_header_dlfcn_h=yes
ac_cv_header_inttypes_h=yes
ac_cv_header_memory_h=yes
ac_cv_header_sql_h=yes
ac_cv_header_sqlext_h=yes
ac_cv_header_sqlite3_h=yes
ac_cv_header_stdc=yes
ac_cv_header_stdint_h=yes
ac_cv_header_stdlib_h=yes
ac_cv_header_string_h=yes
ac_cv_header_strings_h=yes
ac_cv_header_sys_stat_h=yes
ac_cv_header_sys_types_h=yes
ac_cv_header_unistd_h=yes
ac_cv_host=x86_64-unknown-linux-gnu
ac_cv_lib_dl_dlopen=yes
ac_cv_lib_dld_shl_load=no
ac_cv_objext=o
ac_cv_path_EGREP='/usr/bin/grep -E'
ac_cv_path_FGREP='/usr/bin/grep -F'
ac_cv_path_GREP=/usr/bin/grep
ac_cv_path_SED=/usr/bin/sed
ac_cv_path_install='/usr/bin/install -c'
ac_cv_path_mkdir=/usr/bin/mkdir
ac_cv_prog_AWK=gawk
ac_cv_prog_CPP='gcc -E'
ac_cv_prog_ac_ct_AR=ar
ac_cv_prog_ac_ct_CC=gcc
ac_cv_prog_ac_ct_OBJDUMP=objdump
ac_cv_prog_ac_ct_RANLIB=ranlib
ac_cv_prog_ac_ct_STRIP=strip
ac_cv_prog_cc_c89=
ac_cv_prog_cc_g=yes
ac_cv_prog_cc_gcc_c_o=yes
ac_cv_prog_have_mysql_config=yes
ac_cv_prog_have_pg_config=yes
ac_cv_prog_make_make_set=yes
ac_cv_search_SQLDriverConnect=-lodbc
ac_cv_search_sqlite3_open=-lsqlite3
am_cv_CC_dependencies_compiler_type=gcc3
am_cv_make_support_nested_variables=yes
lt_cv_ar_at_file=@
lt_cv_archive_cmds_need_lc=no
lt_cv_deplibs_check_method=pass_all
lt_cv_dlopen=dlopen
lt_cv_dlopen_libs=-ldl
lt_cv_dlopen_self=yes
lt_cv_dlopen_self_static=yes
lt_cv_file_magic_cmd='$MAGIC_CMD'
lt_cv_file_magic_test_file=
lt_cv_ld_reload_flag=-r
lt_cv_nm_interface='BSD nm'
lt_cv_objdir=.libs
lt_cv_path_LD=/usr/bin/ld
lt_cv_path_NM='/usr/bin/nm -B'
lt_cv_path_mainfest_tool=no
lt_cv_prog_compiler_c_o=yes
lt_cv_prog_compiler_pic='-fPIC -DPIC'
lt_cv_prog_compiler_pic_works=yes
lt_cv_prog_compiler_rtti_exceptions=no
lt_cv_prog_compiler_static_works=no
lt_cv_prog_gnu_ld=yes
lt_cv_sharedlib_from_linklib_cmd='printf %s\n'
lt_cv_shlibpath_overrides_runpath=no
lt_cv_sys_global_symbol_pipe='sed -n -e '\''s/^.*[	 ]\([ABCDGIRSTW][ABCDGIRSTW]*\)[	 ][	 ]*\([_A-Za-z][_A-Za-z0-9]*\)$/\1 \2 \2/p'\'' | sed '\''/ __gnu_lto/d'\'''
lt_cv_sys_global_symbol_to_c_name_address='sed -n -e '\''s/^: \([^ ]*\)[ ]*$/  {\"\1\", (void *) 0},/p'\'' -e '\''s/^[ABCDGIRSTW]* \([^ ]*\) \([^ ]*\)$/  {"\2", (void *) \&\2},/p'\'''
lt_cv_sys_global_symbol_to_c_name_address_lib_prefix='sed -n -e '\''s/^: \([^ ]*\)[ ]*$/  {\"\1\", (void *) 0},/p'\'' -e '\''s/^[ABCDGIRSTW]* \([^ ]*\) \(lib[^ ]*\)$/  {"\2", (void *) \&\2},/p'\'' -e '\''s/^[ABCDGIRSTW]* \([^ ]*\) \([^ ]*\)$/  {"lib\2", (void *) \&\2},/p'\'''
lt_cv_sys_global_symbol_to_cdecl='sed -n -e '\''s/^T .* \(.*\)$/extern int \1();/p'\'' -e '\''s/^[ABCDGIRSTW]* .* \(.*\)$/extern char \1;/p'\'''
lt_cv_sys_max_cmd_len=1572864
lt_cv_to_host_file_cmd=func_convert_file_noop
lt_cv_to_tool_file_cmd=func_convert_file_noop

## ----------------- ##
## Output variables. ##
## ----------------- ##

ACLOCAL='aclocal-1.13'
AMDEPBACKSLASH='\'
AMDEP_FALSE='#'
AMDEP_TRUE=''
AMTAR='$${TAR-tar}'
AM_BACKSLASH='\'
AM_DEFAULT_V='$(AM_DEFAULT_VERBOSITY)'
AM_DEFAULT_VERBOSITY='1'
AM_V='$(V)'
AR='ar'
AUTOCONF='autoconf'
AUTOHEADER='autoheader'
AUTOMAKE='automake-1.13'
AWK='gawk'
CC='gcc'
CCDEPMODE='depmode=gcc3'
CFLAGS='-g -O2'
CPP='gcc -E'
CPPFLAGS=''
CYGPATH_W='echo'
DEFS='-DHAVE_CONFIG_H'
DEPDIR='.deps'
DLLTOOL='false'
DSYMUTIL=''
DUMPBIN=''
ECHO_C=''
ECHO_N='-n'
ECHO_T=''
EGREP='/usr/bin/grep -E'
EXEEXT=''
FGREP='/usr/bin/grep -F'
GREP='/usr/bin/grep'
INSTALL_DATA='${INSTALL} -m 644'
INSTALL_PROGRAM='${INSTALL}'
INSTALL_SCRIPT='${INSTALL}'
INSTALL_STRIP_PROGRAM='$(install_sh) -c -s'
LD='/usr/bin/ld -m elf_x86_64'
LDFLAGS=''
LIBOBJS=''
LIBS='-lsqlite3 -lodbc '
LIBTOOL='$(SHELL) $(top_builddir)/libtool'
LIPO=''
LN_S='ln -s'
LTLIBOBJS=''
MAKEINFO='makeinfo'
MANIFEST_TOOL=':'
MKDIR_P='/usr/bin/mkdir -p'
MYSQL_INCLUDE='-I/usr/include/mysql -g -pipe -Wp,-D_FORTIFY_SOURCE=2 -fexceptions -fstack-protector --param=ssp-buffer-size=4 -grecord-gcc-switches  -m64 -D_GNU_SOURCE -D_FILE_OFFSET_BITS=64 -D_LARGEFILE_SOURCE -fPIC  -g -static-libgcc -fno-omit-frame-pointer -fno-strict-aliasing  -DMY_PTHREAD_FASTMUTEX=1'
MYSQL_LIBS='-L/usr/lib64/mysql -lmysqlclient -lpthread -lz -lm -lssl -lcrypto -ldl'
NM='/usr/bin/nm -B'
NMEDIT=''
OBJDUMP='objdump'
OBJEXT='o'
OTOOL64=''
OTOOL=''
PACKAGE='csvtools'
PACKAGE_BUGREPORT='two.oes@gmail.com'
PACKAGE_NAME='csvtools'
PACKAGE_STRING='csvtools 0.0.3'
PACKAGE_TARNAME='csvtools'
PACKAGE_URL=''
PACKAGE_VERSION='0.0.3'
PATH_SEPARATOR=':'
PG_INCLUDE='/usr/include'
PG_LIBS='/usr/lib64'
RANLIB='ranlib'
SED='/usr/bin/sed'
SET_MAKE=''
SHELL='/bin/sh'
STRIP='strip'
USE_MYSQL_H_FALSE='#'
USE_MYSQL_H_TRUE=''
USE_ODBC_H_FALSE='#'
USE_ODBC_H_TRUE=''
USE_PGSQL_H_FALSE='#'
USE_PGSQL_H_TRUE=''
USE_SQLITE_H_FALSE='#'
USE_SQLITE_H_TRUE=''
VERSION='0.0.3'
ac_ct_AR='ar'
ac_ct_CC='gcc'
ac_ct_DUMPBIN=''
am__EXEEXT_FALSE=''
am__EXEEXT_TRUE='#'
am__fastdepCC_FALSE='#'
am__fastdepCC_TRUE=''
am__include='include'
am__isrc=''
am__leading_dot='.'
am__nodep='_no'
am__quote=''
am__tar='$${TAR-tar} chof - "$$tardir"'
am__untar='$${TAR-tar} xf -'
bindir='${exec_prefix}/bin'
build='x86_64-unknown-linux-gnu'
build_alias=''
build_cpu='x86_64'
build_os='linux-gnu'
build_vendor='unknown'
datadir='${datarootdir}'
datarootdir='${prefix}/share'
docdir='${datarootdir}/doc/${PACKAGE_TARNAME}'
dvidir='${docdir}'
exec_prefix='${prefix}'
have_mysql_config='yes'
have_pg_config='yes'
host='x86_64-unknown-linux-gnu'
host_alias=''
host_cpu='x86_64'
host_os='linux-gnu'
host_vendor='unknown'
htmldir='${docdir}'
includedir='${prefix}/include'
infodir='${datarootdir}/info'
install_sh='${SHELL} /home/oren/Dropbox/projects/csvtools/install-sh'
libdir='${exec_prefix}/lib'
libexecdir='${exec_prefix}/libexec'
localedir='${datarootdir}/locale'
localstatedir='${prefix}/var'
mandir='${datarootdir}/man'
mkdir_p='$(MKDIR_P)'
oldincludedir='/usr/include'
pdfdir='${docdir}'
prefix='/usr/local'
program_transform_name='s,x,x,'
psdir='${docdir}'
sbindir='${exec_prefix}/sbin'
sharedstatedir='${prefix}/com'
sysconfdir='${prefix}/etc'
target_alias=''

## ----------- ##
## confdefs.h. ##
## ----------- ##

/* confdefs.h */
#define PACKAGE_NAME "csvtools"
#define PACKAGE_TARNAME "csvtools"
#define PACKAGE_VERSION "0.0.3"
#define PACKAGE_STRING "csvtools 0.0.3"
#define PACKAGE_BUGREPORT "two.oes@gmail.com"
#define PACKAGE_URL ""
#define PACKAGE "csvtools"
#define VERSION "0.0.3"
#define STDC_HEADERS 1
#define HAVE_SYS_TYPES_H 1
#define HAVE_SYS_STAT_H 1
#define HAVE_STDLIB_H 1
#define HAVE_STRING_H 1
#define HAVE_MEMORY_H 1
#define HAVE_STRINGS_H 1
#define HAVE_INTTYPES_H 1
#define HAVE_STDINT_H 1
#define HAVE_UNISTD_H 1
#define HAVE_DLFCN_H 1
#define LT_OBJDIR ".libs/"
#define HAVE_SQL_H 1
#define HAVE_SQLEXT_H 1
#define USE_ODBC_H 1
#define HAVE__USR_INCLUDE_LIBPQ_FE_H 1
#define USE_PGSQL_H 1
#define HAVE__USR_INCLUDE_MYSQL_MYSQL_H 1
#define USE_MYSQL_H 1
#define HAVE_SQLITE3_H 1
#define USE_SQLITE_H 1

configure: exit 0

## ---------------------- ##
## Running config.status. ##
## ---------------------- ##

This file was extended by csvtools config.status 0.0.3, which was
generated by GNU Autoconf 2.69.  Invocation command line was

  CONFIG_FILES    = 
  CONFIG_HEADERS  = 
  CONFIG_LINKS    = 
  CONFIG_COMMANDS = 
  $ ./config.status config.h

on binango

config.status:1108: creating config.h
config.status:1289: config.h is unchanged

## ---------------------- ##
## Running config.status. ##
## ---------------------- ##

This file was extended by csvtools config.status 0.0.3, which was
generated by GNU Autoconf 2.69.  Invocation command line was

  CONFIG_FILES    = 
  CONFIG_HEADERS  = 
  CONFIG_LINKS    = 
  CONFIG_COMMANDS = 
  $ ./config.status man/Makefile

on binango

config.status:1108: creating man/Makefile
